<?xml version="1.0" encoding="UTF-8"?>
<!-- Generated by org.testng.reporters.JUnitReportReporter -->
<testsuite hostname="DESKTOP-032BQ8K" failures="0" tests="1" name="tests.FourTest" time="0.003" errors="0" timestamp="2022-09-15T23:17:18 IST" skipped="0">
  <testcase classname="tests.FourTest" name="fourTest" time="0.003"/>
  <system-out/>
</testsuite> <!-- tests.FourTest -->
