<?xml version="1.0" encoding="UTF-8"?>
<!-- Generated by org.testng.reporters.JUnitReportReporter -->
<testsuite hostname="DESKTOP-032BQ8K" failures="0" tests="1" name="tests.TwoTest" time="9.603" errors="0" timestamp="2022-09-17T17:00:07 IST" skipped="0">
  <testcase classname="tests.TwoTest" name="twoTest" time="9.603"/>
  <system-out/>
</testsuite> <!-- tests.TwoTest -->
